<?xml version="1.0" encoding="UTF-8"?>
<testsuite name="HelloWorldTest" tests="1" skipped="0" failures="0" errors="0" timestamp="2018-02-14T23:13:56" hostname="homepc" time="0.008">
  <properties/>
  <testcase name="helloWorldTest" classname="HelloWorldTest" time="0.008"/>
  <system-out><![CDATA[]]></system-out>
  <system-err><![CDATA[]]></system-err>
</testsuite>
